d:\playground\midismoother\midismoother\midismoother.vs\midismoother\debug\vc142.pdb
d:\playground\midismoother\midismoother\midismoother.vs\midismoother\debug\vc142.idb
d:\playground\midismoother\midismoother\midismoother.vs\midismoother\debug\velocityconsumer.obj
d:\playground\midismoother\midismoother\midismoother.vs\midismoother\debug\sinewaverecorder.obj
d:\playground\midismoother\midismoother\midismoother.vs\midismoother\debug\midismoother.obj
d:\playground\midismoother\midismoother\midismoother.vs\midismoother\debug\main.obj
d:\playground\midismoother\midismoother\midismoother.vs\midismoother\debug\midifirer.obj
d:\playground\midismoother\midismoother\midismoother.vs\debug\midismoother.ilk
d:\playground\midismoother\midismoother\midismoother.vs\debug\midismoother.exe
d:\playground\midismoother\midismoother\midismoother.vs\debug\midismoother.pdb
d:\sourcecode\helloworld\midismoother.vs\midismoother\debug\main.obj
d:\sourcecode\helloworld\midismoother.vs\midismoother\debug\midifirer.obj
d:\sourcecode\helloworld\midismoother.vs\midismoother\debug\midismoother.obj
d:\sourcecode\helloworld\midismoother.vs\midismoother\debug\sinewaverecorder.obj
d:\sourcecode\helloworld\midismoother.vs\midismoother\debug\velocityconsumer.obj
d:\sourcecode\helloworld\midismoother.vs\midismoother\debug\vc142.idb
d:\sourcecode\helloworld\midismoother.vs\midismoother\debug\vc142.pdb
d:\sourcecode\helloworld\midismoother.vs\debug\midismoother.pdb
d:\sourcecode\helloworld\midismoother.vs\debug\midismoother.exe
d:\sourcecode\helloworld\midismoother.vs\debug\midismoother.ilk
d:\sourcecode\helloworld\midismoother.vs\midismoother\debug\midismoother.tlog\cl.command.1.tlog
d:\sourcecode\helloworld\midismoother.vs\midismoother\debug\midismoother.tlog\cl.read.1.tlog
d:\sourcecode\helloworld\midismoother.vs\midismoother\debug\midismoother.tlog\cl.write.1.tlog
d:\sourcecode\helloworld\midismoother.vs\midismoother\debug\midismoother.tlog\link.command.1.tlog
d:\sourcecode\helloworld\midismoother.vs\midismoother\debug\midismoother.tlog\link.read.1.tlog
d:\sourcecode\helloworld\midismoother.vs\midismoother\debug\midismoother.tlog\link.write.1.tlog
